  pch.cpp
C:\Users\real1\source\repos\Silver0Hook\Silver0Hook\framework.h(7,1): warning C4005: 'PAGE_EXECUTE_READ': 매크로 재정의
D:\Windows Kits\10\Include\10.0.19041.0\um\winnt.h(12948): message : 'PAGE_EXECUTE_READ'의 이전 정의를 참조하십시오.
C:\Users\real1\source\repos\Silver0Hook\Silver0Hook\framework.h(8,1): warning C4005: 'PAGE_EXECUTE_READWRITE': 매크로 재정의
D:\Windows Kits\10\Include\10.0.19041.0\um\winnt.h(12949): message : 'PAGE_EXECUTE_READWRITE'의 이전 정의를 참조하십시오.
C:\Users\real1\source\repos\Silver0Hook\Silver0Hook\framework.h(9,1): warning C4005: 'PAGE_EXECUTE_WRITECOPY': 매크로 재정의
D:\Windows Kits\10\Include\10.0.19041.0\um\winnt.h(12950): message : 'PAGE_EXECUTE_WRITECOPY'의 이전 정의를 참조하십시오.
C:\Users\real1\source\repos\Silver0Hook\Silver0Hook\framework.h(10,1): warning C4005: 'PAGE_READONLY': 매크로 재정의
D:\Windows Kits\10\Include\10.0.19041.0\um\winnt.h(12944): message : 'PAGE_READONLY'의 이전 정의를 참조하십시오.
C:\Users\real1\source\repos\Silver0Hook\Silver0Hook\framework.h(11,1): warning C4005: 'PAGE_READWRITE': 매크로 재정의
D:\Windows Kits\10\Include\10.0.19041.0\um\winnt.h(12945): message : 'PAGE_READWRITE'의 이전 정의를 참조하십시오.
C:\Users\real1\source\repos\Silver0Hook\Silver0Hook\framework.h(12,1): warning C4005: 'PAGE_WRITECOPY': 매크로 재정의
D:\Windows Kits\10\Include\10.0.19041.0\um\winnt.h(12946): message : 'PAGE_WRITECOPY'의 이전 정의를 참조하십시오.
C:\Users\real1\source\repos\Silver0Hook\Silver0Hook\framework.h(13,1): warning C4005: 'SEC_COMMIT': 매크로 재정의
D:\Windows Kits\10\Include\10.0.19041.0\um\winnt.h(13053): message : 'SEC_COMMIT'의 이전 정의를 참조하십시오.
C:\Users\real1\source\repos\Silver0Hook\Silver0Hook\framework.h(14,1): warning C4005: 'SEC_IMAGE': 매크로 재정의
D:\Windows Kits\10\Include\10.0.19041.0\um\winnt.h(13050): message : 'SEC_IMAGE'의 이전 정의를 참조하십시오.
C:\Users\real1\source\repos\Silver0Hook\Silver0Hook\framework.h(15,1): warning C4005: 'SEC_IMAGE_NO_EXECUTE': 매크로 재정의
D:\Windows Kits\10\Include\10.0.19041.0\um\winnt.h(13057): message : 'SEC_IMAGE_NO_EXECUTE'의 이전 정의를 참조하십시오.
C:\Users\real1\source\repos\Silver0Hook\Silver0Hook\framework.h(16,1): warning C4005: 'SEC_LARGE_PAGES': 매크로 재정의
D:\Windows Kits\10\Include\10.0.19041.0\um\winnt.h(13056): message : 'SEC_LARGE_PAGES'의 이전 정의를 참조하십시오.
C:\Users\real1\source\repos\Silver0Hook\Silver0Hook\framework.h(17,1): warning C4005: 'SEC_NOCACHE': 매크로 재정의
D:\Windows Kits\10\Include\10.0.19041.0\um\winnt.h(13054): message : 'SEC_NOCACHE'의 이전 정의를 참조하십시오.
C:\Users\real1\source\repos\Silver0Hook\Silver0Hook\framework.h(18,1): warning C4005: 'SEC_RESERVE': 매크로 재정의
D:\Windows Kits\10\Include\10.0.19041.0\um\winnt.h(13052): message : 'SEC_RESERVE'의 이전 정의를 참조하십시오.
C:\Users\real1\source\repos\Silver0Hook\Silver0Hook\framework.h(19,1): warning C4005: 'SEC_WRITECOMBINE': 매크로 재정의
D:\Windows Kits\10\Include\10.0.19041.0\um\winnt.h(13055): message : 'SEC_WRITECOMBINE'의 이전 정의를 참조하십시오.
C:\Users\real1\source\repos\Silver0Hook\Silver0Hook\framework.h(20,1): warning C4005: 'NUMA_NO_PREFERRED_NODE': 매크로 재정의
D:\Windows Kits\10\Include\10.0.19041.0\um\minwinbase.h(445): message : 'NUMA_NO_PREFERRED_NODE'의 이전 정의를 참조하십시오.
  dllmain.cpp
     C:\Users\real1\source\repos\Silver0Hook\x64\Debug\Silver0Hook.lib 라이브러리 및 C:\Users\real1\source\repos\Silver0Hook\x64\Debug\Silver0Hook.exp 개체를 생성하고 있습니다.
  Silver0Hook.vcxproj -> C:\Users\real1\source\repos\Silver0Hook\x64\Debug\Silver0Hook.dll
