c:\users\real1\source\repos\silver0hook\silver0hook\x64\debug\silver0hook.pch
c:\users\real1\source\repos\silver0hook\silver0hook\x64\debug\vc142.pdb
c:\users\real1\source\repos\silver0hook\silver0hook\x64\debug\vc142.idb
c:\users\real1\source\repos\silver0hook\silver0hook\x64\debug\pch.obj
c:\users\real1\source\repos\silver0hook\silver0hook\x64\debug\dllmain.obj
c:\users\real1\source\repos\silver0hook\x64\debug\silver0hook.dll
c:\users\real1\source\repos\silver0hook\x64\debug\silver0hook.ilk
c:\users\real1\source\repos\silver0hook\x64\debug\silver0hook.pdb
c:\users\real1\source\repos\silver0hook\x64\debug\silver0hook.lib
c:\users\real1\source\repos\silver0hook\x64\debug\silver0hook.exp
c:\users\real1\source\repos\silver0hook\silver0hook\x64\debug\silver0hook.tlog\cl.command.1.tlog
c:\users\real1\source\repos\silver0hook\silver0hook\x64\debug\silver0hook.tlog\cl.read.1.tlog
c:\users\real1\source\repos\silver0hook\silver0hook\x64\debug\silver0hook.tlog\cl.write.1.tlog
c:\users\real1\source\repos\silver0hook\silver0hook\x64\debug\silver0hook.tlog\link.11764.delete.1.tlog
c:\users\real1\source\repos\silver0hook\silver0hook\x64\debug\silver0hook.tlog\link.19520.delete.1.tlog
c:\users\real1\source\repos\silver0hook\silver0hook\x64\debug\silver0hook.tlog\link.19736.delete.1.tlog
c:\users\real1\source\repos\silver0hook\silver0hook\x64\debug\silver0hook.tlog\link.command.1.tlog
c:\users\real1\source\repos\silver0hook\silver0hook\x64\debug\silver0hook.tlog\link.read.1.tlog
c:\users\real1\source\repos\silver0hook\silver0hook\x64\debug\silver0hook.tlog\link.write.1.tlog
c:\users\real1\source\repos\silver0hook\silver0hook\x64\debug\silver0hook.tlog\silver0hook.write.1u.tlog
